<?xml version="1.0" encoding="UTF-8"?>
<testsuite xmlns:xsi="http://www.w3.org/2001/XMLSchema-instance" xsi:noNamespaceSchemaLocation="https://maven.apache.org/surefire/maven-surefire-plugin/xsd/surefire-test-report-3.0.xsd" version="3.0" name="com.api.auth.AuthApplicationTests" time="2.281" tests="1" errors="0" skipped="0" failures="0">
  <properties>
    <property name="java.specification.version" value="19"/>
    <property name="sun.jnu.encoding" value="UTF-8"/>
    <property name="java.class.path" value="/home/pratyush/projects/Java/authorization/target/test-classes:/home/pratyush/projects/Java/authorization/target/classes:/home/pratyush/.m2/repository/org/springframework/boot/spring-boot-starter-web/3.3.0-SNAPSHOT/spring-boot-starter-web-3.3.0-SNAPSHOT.jar:/home/pratyush/.m2/repository/org/springframework/boot/spring-boot-starter/3.3.0-SNAPSHOT/spring-boot-starter-3.3.0-SNAPSHOT.jar:/home/pratyush/.m2/repository/org/springframework/boot/spring-boot-starter-logging/3.3.0-SNAPSHOT/spring-boot-starter-logging-3.3.0-SNAPSHOT.jar:/home/pratyush/.m2/repository/ch/qos/logback/logback-classic/1.4.14/logback-classic-1.4.14.jar:/home/pratyush/.m2/repository/ch/qos/logback/logback-core/1.4.14/logback-core-1.4.14.jar:/home/pratyush/.m2/repository/org/apache/logging/log4j/log4j-to-slf4j/2.22.1/log4j-to-slf4j-2.22.1.jar:/home/pratyush/.m2/repository/org/apache/logging/log4j/log4j-api/2.22.1/log4j-api-2.22.1.jar:/home/pratyush/.m2/repository/org/slf4j/jul-to-slf4j/2.0.11/jul-to-slf4j-2.0.11.jar:/home/pratyush/.m2/repository/jakarta/annotation/jakarta.annotation-api/2.1.1/jakarta.annotation-api-2.1.1.jar:/home/pratyush/.m2/repository/org/yaml/snakeyaml/2.2/snakeyaml-2.2.jar:/home/pratyush/.m2/repository/org/springframework/boot/spring-boot-starter-json/3.3.0-SNAPSHOT/spring-boot-starter-json-3.3.0-SNAPSHOT.jar:/home/pratyush/.m2/repository/com/fasterxml/jackson/core/jackson-databind/2.16.1/jackson-databind-2.16.1.jar:/home/pratyush/.m2/repository/com/fasterxml/jackson/core/jackson-annotations/2.16.1/jackson-annotations-2.16.1.jar:/home/pratyush/.m2/repository/com/fasterxml/jackson/core/jackson-core/2.16.1/jackson-core-2.16.1.jar:/home/pratyush/.m2/repository/com/fasterxml/jackson/datatype/jackson-datatype-jdk8/2.16.1/jackson-datatype-jdk8-2.16.1.jar:/home/pratyush/.m2/repository/com/fasterxml/jackson/datatype/jackson-datatype-jsr310/2.16.1/jackson-datatype-jsr310-2.16.1.jar:/home/pratyush/.m2/repository/com/fasterxml/jackson/module/jackson-module-parameter-names/2.16.1/jackson-module-parameter-names-2.16.1.jar:/home/pratyush/.m2/repository/org/springframework/boot/spring-boot-starter-tomcat/3.3.0-SNAPSHOT/spring-boot-starter-tomcat-3.3.0-SNAPSHOT.jar:/home/pratyush/.m2/repository/org/apache/tomcat/embed/tomcat-embed-core/10.1.18/tomcat-embed-core-10.1.18.jar:/home/pratyush/.m2/repository/org/apache/tomcat/embed/tomcat-embed-el/10.1.18/tomcat-embed-el-10.1.18.jar:/home/pratyush/.m2/repository/org/apache/tomcat/embed/tomcat-embed-websocket/10.1.18/tomcat-embed-websocket-10.1.18.jar:/home/pratyush/.m2/repository/org/springframework/spring-web/6.1.3/spring-web-6.1.3.jar:/home/pratyush/.m2/repository/org/springframework/spring-beans/6.1.3/spring-beans-6.1.3.jar:/home/pratyush/.m2/repository/io/micrometer/micrometer-observation/1.12.2/micrometer-observation-1.12.2.jar:/home/pratyush/.m2/repository/io/micrometer/micrometer-commons/1.12.2/micrometer-commons-1.12.2.jar:/home/pratyush/.m2/repository/org/springframework/spring-webmvc/6.1.3/spring-webmvc-6.1.3.jar:/home/pratyush/.m2/repository/org/springframework/spring-context/6.1.3/spring-context-6.1.3.jar:/home/pratyush/.m2/repository/org/springframework/spring-expression/6.1.3/spring-expression-6.1.3.jar:/home/pratyush/.m2/repository/org/springframework/boot/spring-boot-devtools/3.3.0-SNAPSHOT/spring-boot-devtools-3.3.0-SNAPSHOT.jar:/home/pratyush/.m2/repository/org/springframework/boot/spring-boot/3.3.0-SNAPSHOT/spring-boot-3.3.0-SNAPSHOT.jar:/home/pratyush/.m2/repository/org/springframework/boot/spring-boot-autoconfigure/3.3.0-SNAPSHOT/spring-boot-autoconfigure-3.3.0-SNAPSHOT.jar:/home/pratyush/.m2/repository/org/projectlombok/lombok/1.18.30/lombok-1.18.30.jar:/home/pratyush/.m2/repository/org/springframework/boot/spring-boot-starter-test/3.3.0-SNAPSHOT/spring-boot-starter-test-3.3.0-SNAPSHOT.jar:/home/pratyush/.m2/repository/org/springframework/boot/spring-boot-test/3.3.0-SNAPSHOT/spring-boot-test-3.3.0-SNAPSHOT.jar:/home/pratyush/.m2/repository/org/springframework/boot/spring-boot-test-autoconfigure/3.3.0-SNAPSHOT/spring-boot-test-autoconfigure-3.3.0-SNAPSHOT.jar:/home/pratyush/.m2/repository/com/jayway/jsonpath/json-path/2.8.0/json-path-2.8.0.jar:/home/pratyush/.m2/repository/org/slf4j/slf4j-api/2.0.11/slf4j-api-2.0.11.jar:/home/pratyush/.m2/repository/jakarta/xml/bind/jakarta.xml.bind-api/4.0.1/jakarta.xml.bind-api-4.0.1.jar:/home/pratyush/.m2/repository/jakarta/activation/jakarta.activation-api/2.1.2/jakarta.activation-api-2.1.2.jar:/home/pratyush/.m2/repository/net/minidev/json-smart/2.5.0/json-smart-2.5.0.jar:/home/pratyush/.m2/repository/net/minidev/accessors-smart/2.5.0/accessors-smart-2.5.0.jar:/home/pratyush/.m2/repository/org/ow2/asm/asm/9.3/asm-9.3.jar:/home/pratyush/.m2/repository/org/assertj/assertj-core/3.25.1/assertj-core-3.25.1.jar:/home/pratyush/.m2/repository/net/bytebuddy/byte-buddy/1.14.11/byte-buddy-1.14.11.jar:/home/pratyush/.m2/repository/org/awaitility/awaitility/4.2.0/awaitility-4.2.0.jar:/home/pratyush/.m2/repository/org/hamcrest/hamcrest/2.2/hamcrest-2.2.jar:/home/pratyush/.m2/repository/org/junit/jupiter/junit-jupiter/5.10.1/junit-jupiter-5.10.1.jar:/home/pratyush/.m2/repository/org/junit/jupiter/junit-jupiter-api/5.10.1/junit-jupiter-api-5.10.1.jar:/home/pratyush/.m2/repository/org/opentest4j/opentest4j/1.3.0/opentest4j-1.3.0.jar:/home/pratyush/.m2/repository/org/junit/platform/junit-platform-commons/1.10.1/junit-platform-commons-1.10.1.jar:/home/pratyush/.m2/repository/org/apiguardian/apiguardian-api/1.1.2/apiguardian-api-1.1.2.jar:/home/pratyush/.m2/repository/org/junit/jupiter/junit-jupiter-params/5.10.1/junit-jupiter-params-5.10.1.jar:/home/pratyush/.m2/repository/org/junit/jupiter/junit-jupiter-engine/5.10.1/junit-jupiter-engine-5.10.1.jar:/home/pratyush/.m2/repository/org/junit/platform/junit-platform-engine/1.10.1/junit-platform-engine-1.10.1.jar:/home/pratyush/.m2/repository/org/mockito/mockito-core/5.9.0/mockito-core-5.9.0.jar:/home/pratyush/.m2/repository/net/bytebuddy/byte-buddy-agent/1.14.11/byte-buddy-agent-1.14.11.jar:/home/pratyush/.m2/repository/org/objenesis/objenesis/3.3/objenesis-3.3.jar:/home/pratyush/.m2/repository/org/mockito/mockito-junit-jupiter/5.9.0/mockito-junit-jupiter-5.9.0.jar:/home/pratyush/.m2/repository/org/skyscreamer/jsonassert/1.5.1/jsonassert-1.5.1.jar:/home/pratyush/.m2/repository/com/vaadin/external/google/android-json/0.0.20131108.vaadin1/android-json-0.0.20131108.vaadin1.jar:/home/pratyush/.m2/repository/org/springframework/spring-core/6.1.3/spring-core-6.1.3.jar:/home/pratyush/.m2/repository/org/springframework/spring-jcl/6.1.3/spring-jcl-6.1.3.jar:/home/pratyush/.m2/repository/org/springframework/spring-test/6.1.3/spring-test-6.1.3.jar:/home/pratyush/.m2/repository/org/xmlunit/xmlunit-core/2.9.1/xmlunit-core-2.9.1.jar:/home/pratyush/.m2/repository/org/springframework/boot/spring-boot-starter-security/3.2.1/spring-boot-starter-security-3.2.1.jar:/home/pratyush/.m2/repository/org/springframework/spring-aop/6.1.3/spring-aop-6.1.3.jar:/home/pratyush/.m2/repository/org/springframework/security/spring-security-config/6.3.0-M1/spring-security-config-6.3.0-M1.jar:/home/pratyush/.m2/repository/org/springframework/security/spring-security-core/6.3.0-M1/spring-security-core-6.3.0-M1.jar:/home/pratyush/.m2/repository/org/springframework/security/spring-security-crypto/6.3.0-M1/spring-security-crypto-6.3.0-M1.jar:/home/pratyush/.m2/repository/org/springframework/security/spring-security-web/6.3.0-M1/spring-security-web-6.3.0-M1.jar:"/>
    <property name="java.vm.vendor" value="Private Build"/>
    <property name="sun.arch.data.model" value="64"/>
    <property name="java.vendor.url" value="Unknown"/>
    <property name="user.timezone" value="Asia/Kolkata"/>
    <property name="os.name" value="Linux"/>
    <property name="java.vm.specification.version" value="19"/>
    <property name="sun.java.launcher" value="SUN_STANDARD"/>
    <property name="user.country" value="IN"/>
    <property name="sun.boot.library.path" value="/usr/lib/jvm/java-19-openjdk-amd64/lib"/>
    <property name="sun.java.command" value="/home/pratyush/projects/Java/authorization/target/surefire/surefirebooter-20240129214345872_3.jar /home/pratyush/projects/Java/authorization/target/surefire 2024-01-29T21-43-42_281-jvmRun1 surefire-20240129214345872_1tmp surefire_0-20240129214345872_2tmp"/>
    <property name="jdk.debug" value="release"/>
    <property name="surefire.test.class.path" value="/home/pratyush/projects/Java/authorization/target/test-classes:/home/pratyush/projects/Java/authorization/target/classes:/home/pratyush/.m2/repository/org/springframework/boot/spring-boot-starter-web/3.3.0-SNAPSHOT/spring-boot-starter-web-3.3.0-SNAPSHOT.jar:/home/pratyush/.m2/repository/org/springframework/boot/spring-boot-starter/3.3.0-SNAPSHOT/spring-boot-starter-3.3.0-SNAPSHOT.jar:/home/pratyush/.m2/repository/org/springframework/boot/spring-boot-starter-logging/3.3.0-SNAPSHOT/spring-boot-starter-logging-3.3.0-SNAPSHOT.jar:/home/pratyush/.m2/repository/ch/qos/logback/logback-classic/1.4.14/logback-classic-1.4.14.jar:/home/pratyush/.m2/repository/ch/qos/logback/logback-core/1.4.14/logback-core-1.4.14.jar:/home/pratyush/.m2/repository/org/apache/logging/log4j/log4j-to-slf4j/2.22.1/log4j-to-slf4j-2.22.1.jar:/home/pratyush/.m2/repository/org/apache/logging/log4j/log4j-api/2.22.1/log4j-api-2.22.1.jar:/home/pratyush/.m2/repository/org/slf4j/jul-to-slf4j/2.0.11/jul-to-slf4j-2.0.11.jar:/home/pratyush/.m2/repository/jakarta/annotation/jakarta.annotation-api/2.1.1/jakarta.annotation-api-2.1.1.jar:/home/pratyush/.m2/repository/org/yaml/snakeyaml/2.2/snakeyaml-2.2.jar:/home/pratyush/.m2/repository/org/springframework/boot/spring-boot-starter-json/3.3.0-SNAPSHOT/spring-boot-starter-json-3.3.0-SNAPSHOT.jar:/home/pratyush/.m2/repository/com/fasterxml/jackson/core/jackson-databind/2.16.1/jackson-databind-2.16.1.jar:/home/pratyush/.m2/repository/com/fasterxml/jackson/core/jackson-annotations/2.16.1/jackson-annotations-2.16.1.jar:/home/pratyush/.m2/repository/com/fasterxml/jackson/core/jackson-core/2.16.1/jackson-core-2.16.1.jar:/home/pratyush/.m2/repository/com/fasterxml/jackson/datatype/jackson-datatype-jdk8/2.16.1/jackson-datatype-jdk8-2.16.1.jar:/home/pratyush/.m2/repository/com/fasterxml/jackson/datatype/jackson-datatype-jsr310/2.16.1/jackson-datatype-jsr310-2.16.1.jar:/home/pratyush/.m2/repository/com/fasterxml/jackson/module/jackson-module-parameter-names/2.16.1/jackson-module-parameter-names-2.16.1.jar:/home/pratyush/.m2/repository/org/springframework/boot/spring-boot-starter-tomcat/3.3.0-SNAPSHOT/spring-boot-starter-tomcat-3.3.0-SNAPSHOT.jar:/home/pratyush/.m2/repository/org/apache/tomcat/embed/tomcat-embed-core/10.1.18/tomcat-embed-core-10.1.18.jar:/home/pratyush/.m2/repository/org/apache/tomcat/embed/tomcat-embed-el/10.1.18/tomcat-embed-el-10.1.18.jar:/home/pratyush/.m2/repository/org/apache/tomcat/embed/tomcat-embed-websocket/10.1.18/tomcat-embed-websocket-10.1.18.jar:/home/pratyush/.m2/repository/org/springframework/spring-web/6.1.3/spring-web-6.1.3.jar:/home/pratyush/.m2/repository/org/springframework/spring-beans/6.1.3/spring-beans-6.1.3.jar:/home/pratyush/.m2/repository/io/micrometer/micrometer-observation/1.12.2/micrometer-observation-1.12.2.jar:/home/pratyush/.m2/repository/io/micrometer/micrometer-commons/1.12.2/micrometer-commons-1.12.2.jar:/home/pratyush/.m2/repository/org/springframework/spring-webmvc/6.1.3/spring-webmvc-6.1.3.jar:/home/pratyush/.m2/repository/org/springframework/spring-context/6.1.3/spring-context-6.1.3.jar:/home/pratyush/.m2/repository/org/springframework/spring-expression/6.1.3/spring-expression-6.1.3.jar:/home/pratyush/.m2/repository/org/springframework/boot/spring-boot-devtools/3.3.0-SNAPSHOT/spring-boot-devtools-3.3.0-SNAPSHOT.jar:/home/pratyush/.m2/repository/org/springframework/boot/spring-boot/3.3.0-SNAPSHOT/spring-boot-3.3.0-SNAPSHOT.jar:/home/pratyush/.m2/repository/org/springframework/boot/spring-boot-autoconfigure/3.3.0-SNAPSHOT/spring-boot-autoconfigure-3.3.0-SNAPSHOT.jar:/home/pratyush/.m2/repository/org/projectlombok/lombok/1.18.30/lombok-1.18.30.jar:/home/pratyush/.m2/repository/org/springframework/boot/spring-boot-starter-test/3.3.0-SNAPSHOT/spring-boot-starter-test-3.3.0-SNAPSHOT.jar:/home/pratyush/.m2/repository/org/springframework/boot/spring-boot-test/3.3.0-SNAPSHOT/spring-boot-test-3.3.0-SNAPSHOT.jar:/home/pratyush/.m2/repository/org/springframework/boot/spring-boot-test-autoconfigure/3.3.0-SNAPSHOT/spring-boot-test-autoconfigure-3.3.0-SNAPSHOT.jar:/home/pratyush/.m2/repository/com/jayway/jsonpath/json-path/2.8.0/json-path-2.8.0.jar:/home/pratyush/.m2/repository/org/slf4j/slf4j-api/2.0.11/slf4j-api-2.0.11.jar:/home/pratyush/.m2/repository/jakarta/xml/bind/jakarta.xml.bind-api/4.0.1/jakarta.xml.bind-api-4.0.1.jar:/home/pratyush/.m2/repository/jakarta/activation/jakarta.activation-api/2.1.2/jakarta.activation-api-2.1.2.jar:/home/pratyush/.m2/repository/net/minidev/json-smart/2.5.0/json-smart-2.5.0.jar:/home/pratyush/.m2/repository/net/minidev/accessors-smart/2.5.0/accessors-smart-2.5.0.jar:/home/pratyush/.m2/repository/org/ow2/asm/asm/9.3/asm-9.3.jar:/home/pratyush/.m2/repository/org/assertj/assertj-core/3.25.1/assertj-core-3.25.1.jar:/home/pratyush/.m2/repository/net/bytebuddy/byte-buddy/1.14.11/byte-buddy-1.14.11.jar:/home/pratyush/.m2/repository/org/awaitility/awaitility/4.2.0/awaitility-4.2.0.jar:/home/pratyush/.m2/repository/org/hamcrest/hamcrest/2.2/hamcrest-2.2.jar:/home/pratyush/.m2/repository/org/junit/jupiter/junit-jupiter/5.10.1/junit-jupiter-5.10.1.jar:/home/pratyush/.m2/repository/org/junit/jupiter/junit-jupiter-api/5.10.1/junit-jupiter-api-5.10.1.jar:/home/pratyush/.m2/repository/org/opentest4j/opentest4j/1.3.0/opentest4j-1.3.0.jar:/home/pratyush/.m2/repository/org/junit/platform/junit-platform-commons/1.10.1/junit-platform-commons-1.10.1.jar:/home/pratyush/.m2/repository/org/apiguardian/apiguardian-api/1.1.2/apiguardian-api-1.1.2.jar:/home/pratyush/.m2/repository/org/junit/jupiter/junit-jupiter-params/5.10.1/junit-jupiter-params-5.10.1.jar:/home/pratyush/.m2/repository/org/junit/jupiter/junit-jupiter-engine/5.10.1/junit-jupiter-engine-5.10.1.jar:/home/pratyush/.m2/repository/org/junit/platform/junit-platform-engine/1.10.1/junit-platform-engine-1.10.1.jar:/home/pratyush/.m2/repository/org/mockito/mockito-core/5.9.0/mockito-core-5.9.0.jar:/home/pratyush/.m2/repository/net/bytebuddy/byte-buddy-agent/1.14.11/byte-buddy-agent-1.14.11.jar:/home/pratyush/.m2/repository/org/objenesis/objenesis/3.3/objenesis-3.3.jar:/home/pratyush/.m2/repository/org/mockito/mockito-junit-jupiter/5.9.0/mockito-junit-jupiter-5.9.0.jar:/home/pratyush/.m2/repository/org/skyscreamer/jsonassert/1.5.1/jsonassert-1.5.1.jar:/home/pratyush/.m2/repository/com/vaadin/external/google/android-json/0.0.20131108.vaadin1/android-json-0.0.20131108.vaadin1.jar:/home/pratyush/.m2/repository/org/springframework/spring-core/6.1.3/spring-core-6.1.3.jar:/home/pratyush/.m2/repository/org/springframework/spring-jcl/6.1.3/spring-jcl-6.1.3.jar:/home/pratyush/.m2/repository/org/springframework/spring-test/6.1.3/spring-test-6.1.3.jar:/home/pratyush/.m2/repository/org/xmlunit/xmlunit-core/2.9.1/xmlunit-core-2.9.1.jar:/home/pratyush/.m2/repository/org/springframework/boot/spring-boot-starter-security/3.2.1/spring-boot-starter-security-3.2.1.jar:/home/pratyush/.m2/repository/org/springframework/spring-aop/6.1.3/spring-aop-6.1.3.jar:/home/pratyush/.m2/repository/org/springframework/security/spring-security-config/6.3.0-M1/spring-security-config-6.3.0-M1.jar:/home/pratyush/.m2/repository/org/springframework/security/spring-security-core/6.3.0-M1/spring-security-core-6.3.0-M1.jar:/home/pratyush/.m2/repository/org/springframework/security/spring-security-crypto/6.3.0-M1/spring-security-crypto-6.3.0-M1.jar:/home/pratyush/.m2/repository/org/springframework/security/spring-security-web/6.3.0-M1/spring-security-web-6.3.0-M1.jar:"/>
    <property name="sun.cpu.endian" value="little"/>
    <property name="user.home" value="/home/pratyush"/>
    <property name="user.language" value="en"/>
    <property name="java.specification.vendor" value="Oracle Corporation"/>
    <property name="java.version.date" value="2023-01-17"/>
    <property name="java.home" value="/usr/lib/jvm/java-19-openjdk-amd64"/>
    <property name="file.separator" value="/"/>
    <property name="basedir" value="/home/pratyush/projects/Java/authorization"/>
    <property name="java.vm.compressedOopsMode" value="32-bit"/>
    <property name="line.separator" value="&#10;"/>
    <property name="java.vm.specification.vendor" value="Oracle Corporation"/>
    <property name="java.specification.name" value="Java Platform API Specification"/>
    <property name="FILE_LOG_CHARSET" value="UTF-8"/>
    <property name="java.awt.headless" value="true"/>
    <property name="surefire.real.class.path" value="/home/pratyush/projects/Java/authorization/target/surefire/surefirebooter-20240129214345872_3.jar"/>
    <property name="sun.management.compiler" value="HotSpot 64-Bit Tiered Compilers"/>
    <property name="java.runtime.version" value="19.0.2+7-Ubuntu-0ubuntu322.04"/>
    <property name="user.name" value="pratyush"/>
    <property name="stdout.encoding" value="UTF-8"/>
    <property name="path.separator" value=":"/>
    <property name="os.version" value="6.5.0-15-generic"/>
    <property name="java.runtime.name" value="OpenJDK Runtime Environment"/>
    <property name="file.encoding" value="UTF-8"/>
    <property name="java.vm.name" value="OpenJDK 64-Bit Server VM"/>
    <property name="localRepository" value="/home/pratyush/.m2/repository"/>
    <property name="java.vendor.url.bug" value="Unknown"/>
    <property name="java.io.tmpdir" value="/tmp"/>
    <property name="java.version" value="19.0.2"/>
    <property name="user.dir" value="/home/pratyush/projects/Java/authorization"/>
    <property name="os.arch" value="amd64"/>
    <property name="java.vm.specification.name" value="Java Virtual Machine Specification"/>
    <property name="PID" value="43844"/>
    <property name="CONSOLE_LOG_CHARSET" value="UTF-8"/>
    <property name="native.encoding" value="UTF-8"/>
    <property name="java.library.path" value="/snap/nvim/2819/usr/lib:/snap/nvim/2819/usr/lib/x86_64-linux-gnu:/var/lib/snapd/lib/gl:/var/lib/snapd/lib/gl32:/var/lib/snapd/void:/usr/java/packages/lib:/usr/lib/x86_64-linux-gnu/jni:/lib/x86_64-linux-gnu:/usr/lib/x86_64-linux-gnu:/usr/lib/jni:/lib:/usr/lib"/>
    <property name="java.vm.info" value="mixed mode, sharing"/>
    <property name="stderr.encoding" value="UTF-8"/>
    <property name="java.vendor" value="Private Build"/>
    <property name="java.vm.version" value="19.0.2+7-Ubuntu-0ubuntu322.04"/>
    <property name="sun.io.unicode.encoding" value="UnicodeLittle"/>
    <property name="java.class.version" value="63.0"/>
  </properties>
  <testcase name="contextLoads" classname="com.api.auth.AuthApplicationTests" time="0.669">
    <system-out><![CDATA[21:43:46.473 [main] INFO org.springframework.test.context.support.AnnotationConfigContextLoaderUtils -- Could not detect default configuration classes for test class [com.api.auth.AuthApplicationTests]: AuthApplicationTests does not declare any static, non-private, non-final, nested classes annotated with @Configuration.
21:43:46.560 [main] INFO org.springframework.boot.test.context.SpringBootTestContextBootstrapper -- Found @SpringBootConfiguration com.api.auth.AuthApplication for test class com.api.auth.AuthApplicationTests
21:43:46.671 [main] INFO org.springframework.boot.devtools.restart.RestartApplicationListener -- Restart disabled due to context in which it is running

  .   ____          _            __ _ _
 /\\ / ___'_ __ _ _(_)_ __  __ _ \ \ \ \
( ( )\___ | '_ | '_| | '_ \/ _` | \ \ \ \
 \\/  ___)| |_)| | | | | || (_| |  ) ) ) )
  '  |____| .__|_| |_|_| |_\__, | / / / /
 =========|_|==============|___/=/_/_/_/
 :: Spring Boot ::       (v3.3.0-SNAPSHOT)

2024-01-29T21:43:46.857+05:30  INFO 43844 --- [           main] com.api.auth.AuthApplicationTests        : Starting AuthApplicationTests using Java 19.0.2 with PID 43844 (started by pratyush in /home/pratyush/projects/Java/authorization)
2024-01-29T21:43:46.859+05:30  INFO 43844 --- [           main] com.api.auth.AuthApplicationTests        : No active profile set, falling back to 1 default profile: "default"
2024-01-29T21:43:47.545+05:30  WARN 43844 --- [           main] .s.s.UserDetailsServiceAutoConfiguration : 

Using generated security password: da254748-f212-449b-bc8e-7b9b3358530d

This generated password is for development use only. Your security configuration must be updated before running your application in production.

2024-01-29T21:43:47.727+05:30  INFO 43844 --- [           main] o.s.s.web.DefaultSecurityFilterChain     : Will secure any request with [org.springframework.security.web.session.DisableEncodeUrlFilter@2fd954f, org.springframework.security.web.context.request.async.WebAsyncManagerIntegrationFilter@5731d3a, org.springframework.security.web.context.SecurityContextHolderFilter@7978e022, org.springframework.security.web.header.HeaderWriterFilter@7fb53256, org.springframework.web.filter.CorsFilter@6a0f2853, org.springframework.security.web.csrf.CsrfFilter@41da3aee, org.springframework.security.web.authentication.logout.LogoutFilter@17aa8a11, org.springframework.security.web.authentication.UsernamePasswordAuthenticationFilter@1e60b459, org.springframework.security.web.authentication.ui.DefaultLoginPageGeneratingFilter@34585ac9, org.springframework.security.web.authentication.ui.DefaultLogoutPageGeneratingFilter@1eff3cfb, org.springframework.security.web.authentication.www.BasicAuthenticationFilter@254449bb, org.springframework.security.web.savedrequest.RequestCacheAwareFilter@5afbd567, org.springframework.security.web.servletapi.SecurityContextHolderAwareRequestFilter@6993c8df, org.springframework.security.web.authentication.AnonymousAuthenticationFilter@70c69586, org.springframework.security.web.access.ExceptionTranslationFilter@3d90eeb3, org.springframework.security.web.access.intercept.AuthorizationFilter@7930ffa9]
2024-01-29T21:43:47.919+05:30  INFO 43844 --- [           main] com.api.auth.AuthApplicationTests        : Started AuthApplicationTests in 1.258 seconds (process running for 1.999)
]]></system-out>
  </testcase>
</testsuite>